<?xml version="1.0" encoding="UTF-8"?>
<!-- Generated by org.testng.reporters.JUnitReportReporter -->
<testsuite skipped="1" hostname="DESKTOP-GS8283A" name="test.day3" tests="6" failures="0" timestamp="25 Apr 2019 02:07:20 GMT" time="0.027" errors="0">
  <testcase name="mobileLoginCarLoan" time="0.008" classname="test.day3"/>
  <testcase name="webLoginCarLoan" time="0.004" classname="test.day3"/>
  <testcase name="mobileLogoutCarLoan" time="0.003" classname="test.day3"/>
  <testcase name="mobileLoginCarLoan" time="0.001" classname="test.day3"/>
  <testcase name="mobileLoginCarLoan" time="0.011" classname="test.day3"/>
  <testcase name="mobilesigninCarLoan" classname="test.day3">
    <skipped/>
  </testcase> <!-- mobilesigninCarLoan -->
</testsuite> <!-- test.day3 -->
