<?xml version="1.0" encoding="UTF-8"?>
<!-- Generated by org.testng.reporters.JUnitReportReporter -->
<testsuite skipped="0" hostname="DESKTOP-GS8283A" name="test.day4" tests="3" failures="0" timestamp="25 Apr 2019 02:07:20 GMT" time="0.014" errors="0">
  <testcase name="mobileLoginHomeLoan" time="0.002" classname="test.day4"/>
  <testcase name="webLoginHomeLoan" time="0.004" classname="test.day4"/>
  <testcase name="loginAPIHomeLoan" time="0.008" classname="test.day4"/>
</testsuite> <!-- test.day4 -->
