<?xml version="1.0" encoding="UTF-8"?>
<!-- Generated by org.testng.reporters.JUnitReportReporter -->
<testsuite skipped="0" hostname="DESKTOP-GS8283A" name="test.day2" tests="1" failures="0" timestamp="25 Apr 2019 02:07:20 GMT" time="0.012" errors="0">
  <testcase name="pLoan" time="0.012" classname="test.day2"/>
</testsuite> <!-- test.day2 -->
